<?xml version="1.0" encoding="UTF-8"?>
<testng-results skipped="1" failed="0" total="7" passed="6">
  <reporter-output>
  </reporter-output>
  <suite name="Suite" duration-ms="148" started-at="2016-09-02T02:38:45Z" finished-at="2016-09-02T02:38:45Z">
    <groups>
    </groups>
    <test name="c" duration-ms="51" started-at="2016-09-02T02:38:45Z" finished-at="2016-09-02T02:38:45Z">
      <class name="com.my.testngstudy.TngTest3">
        <test-method status="PASS" signature="beforeClass()[pri:0, instance:com.my.testngstudy.TngTest3@3ff9ddb5]" name="beforeClass" is-config="true" duration-ms="1" started-at="2016-09-02T10:38:45Z" finished-at="2016-09-02T10:38:45Z">
          <reporter-output>
          </reporter-output>
        </test-method> <!-- beforeClass -->
        <test-method status="PASS" signature="beforeMethod()[pri:0, instance:com.my.testngstudy.TngTest3@3ff9ddb5]" name="beforeMethod" is-config="true" duration-ms="1" started-at="2016-09-02T10:38:45Z" finished-at="2016-09-02T10:38:45Z">
          <reporter-output>
          </reporter-output>
        </test-method> <!-- beforeMethod -->
        <test-method status="PASS" signature="h3()[pri:0, instance:com.my.testngstudy.TngTest3@3ff9ddb5]" name="h3" duration-ms="10" started-at="2016-09-02T10:38:45Z" finished-at="2016-09-02T10:38:45Z">
          <reporter-output>
          </reporter-output>
        </test-method> <!-- h3 -->
        <test-method status="PASS" signature="afterMethod()[pri:0, instance:com.my.testngstudy.TngTest3@3ff9ddb5]" name="afterMethod" is-config="true" duration-ms="1" started-at="2016-09-02T10:38:45Z" finished-at="2016-09-02T10:38:45Z">
          <reporter-output>
          </reporter-output>
        </test-method> <!-- afterMethod -->
        <test-method status="PASS" signature="beforeMethod()[pri:0, instance:com.my.testngstudy.TngTest3@3ff9ddb5]" name="beforeMethod" is-config="true" duration-ms="1" started-at="2016-09-02T10:38:45Z" finished-at="2016-09-02T10:38:45Z">
          <reporter-output>
          </reporter-output>
        </test-method> <!-- beforeMethod -->
        <test-method status="PASS" signature="g3()[pri:0, instance:com.my.testngstudy.TngTest3@3ff9ddb5]" name="g3" duration-ms="1" started-at="2016-09-02T10:38:45Z" finished-at="2016-09-02T10:38:45Z">
          <reporter-output>
          </reporter-output>
        </test-method> <!-- g3 -->
        <test-method status="PASS" signature="afterMethod()[pri:0, instance:com.my.testngstudy.TngTest3@3ff9ddb5]" name="afterMethod" is-config="true" duration-ms="1" started-at="2016-09-02T10:38:45Z" finished-at="2016-09-02T10:38:45Z">
          <reporter-output>
          </reporter-output>
        </test-method> <!-- afterMethod -->
        <test-method status="PASS" signature="afterClass()[pri:0, instance:com.my.testngstudy.TngTest3@3ff9ddb5]" name="afterClass" is-config="true" duration-ms="1" started-at="2016-09-02T10:38:45Z" finished-at="2016-09-02T10:38:45Z">
          <reporter-output>
          </reporter-output>
        </test-method> <!-- afterClass -->
      </class> <!-- com.my.testngstudy.TngTest3 -->
      <class name="com.my.testngstudy.TngTest2">
        <test-method status="SKIP" signature="f2(java.lang.Integer, java.lang.String)[pri:0, instance:com.my.testngstudy.TngTest2@577412d0]" name="f2" duration-ms="0" started-at="2016-09-02T10:38:45Z" finished-at="2016-09-02T10:38:45Z">
          <exception class="org.testng.TestNGException">
            <message>
              <![CDATA[
Method f2 requires 2 parameters but 0 were supplied in the @Test annotation.]]>
            </message>
            <full-stacktrace>
              <![CDATA[org.testng.TestNGException: 
Method f2 requires 2 parameters but 0 were supplied in the @Test annotation.
	at org.testng.internal.Parameters.checkParameterTypes(Parameters.java:199)
	at org.testng.internal.Parameters.createParameters(Parameters.java:135)
	at org.testng.internal.Parameters.createParameters(Parameters.java:377)
	at org.testng.internal.Parameters.handleParameters(Parameters.java:452)
	at org.testng.internal.Invoker.handleParameters(Invoker.java:1335)
	at org.testng.internal.Invoker.createParameters(Invoker.java:1051)
	at org.testng.internal.Invoker.invokeTestMethods(Invoker.java:1140)
	at org.testng.internal.TestMethodWorker.invokeTestMethods(TestMethodWorker.java:124)
	at org.testng.internal.TestMethodWorker.run(TestMethodWorker.java:108)
	at org.testng.TestRunner.privateRun(TestRunner.java:767)
	at org.testng.TestRunner.run(TestRunner.java:617)
	at org.testng.SuiteRunner.runTest(SuiteRunner.java:348)
	at org.testng.SuiteRunner.runSequentially(SuiteRunner.java:343)
	at org.testng.SuiteRunner.privateRun(SuiteRunner.java:305)
	at org.testng.SuiteRunner.run(SuiteRunner.java:254)
	at org.testng.SuiteRunnerWorker.runSuite(SuiteRunnerWorker.java:52)
	at org.testng.SuiteRunnerWorker.run(SuiteRunnerWorker.java:86)
	at org.testng.TestNG.runSuitesSequentially(TestNG.java:1224)
	at org.testng.TestNG.runSuitesLocally(TestNG.java:1149)
	at org.testng.TestNG.run(TestNG.java:1057)
	at org.testng.remote.RemoteTestNG.run(RemoteTestNG.java:111)
	at org.testng.remote.RemoteTestNG.initAndRun(RemoteTestNG.java:204)
	at org.testng.remote.RemoteTestNG.main(RemoteTestNG.java:175)
]]>
            </full-stacktrace>
          </exception> <!-- org.testng.TestNGException -->
          <reporter-output>
          </reporter-output>
        </test-method> <!-- f2 -->
        <test-method status="PASS" signature="beforeMethod()[pri:0, instance:com.my.testngstudy.TngTest2@577412d0]" name="beforeMethod" is-config="true" duration-ms="0" started-at="2016-09-02T10:38:45Z" finished-at="2016-09-02T10:38:45Z">
          <reporter-output>
          </reporter-output>
        </test-method> <!-- beforeMethod -->
        <test-method status="PASS" signature="g2()[pri:0, instance:com.my.testngstudy.TngTest2@577412d0]" name="g2" duration-ms="1" started-at="2016-09-02T10:38:45Z" finished-at="2016-09-02T10:38:45Z">
          <reporter-output>
          </reporter-output>
        </test-method> <!-- g2 -->
        <test-method status="PASS" signature="afterMethod()[pri:0, instance:com.my.testngstudy.TngTest2@577412d0]" name="afterMethod" is-config="true" duration-ms="0" started-at="2016-09-02T10:38:45Z" finished-at="2016-09-02T10:38:45Z">
          <reporter-output>
          </reporter-output>
        </test-method> <!-- afterMethod -->
      </class> <!-- com.my.testngstudy.TngTest2 -->
    </test> <!-- c -->
    <test name="b" duration-ms="21" started-at="2016-09-02T02:38:45Z" finished-at="2016-09-02T02:38:45Z">
      <class name="com.my.testngstudy.TngTest1">
        <test-method status="PASS" signature="beforeSuite()[pri:0, instance:com.my.testngstudy.TngTest1@53f2c2a3]" name="beforeSuite" is-config="true" duration-ms="22" started-at="2016-09-02T10:38:45Z" finished-at="2016-09-02T10:38:45Z">
          <reporter-output>
          </reporter-output>
        </test-method> <!-- beforeSuite -->
        <test-method status="PASS" signature="beforeTest()[pri:0, instance:com.my.testngstudy.TngTest1@53f2c2a3]" name="beforeTest" is-config="true" duration-ms="1" started-at="2016-09-02T10:38:45Z" finished-at="2016-09-02T10:38:45Z">
          <reporter-output>
          </reporter-output>
        </test-method> <!-- beforeTest -->
        <test-method status="PASS" signature="beforeClass()[pri:0, instance:com.my.testngstudy.TngTest1@53f2c2a3]" name="beforeClass" is-config="true" duration-ms="1" started-at="2016-09-02T10:38:45Z" finished-at="2016-09-02T10:38:45Z">
          <reporter-output>
          </reporter-output>
        </test-method> <!-- beforeClass -->
        <test-method status="PASS" signature="beforeMethod()[pri:0, instance:com.my.testngstudy.TngTest1@53f2c2a3]" name="beforeMethod" is-config="true" duration-ms="1" started-at="2016-09-02T10:38:45Z" finished-at="2016-09-02T10:38:45Z">
          <reporter-output>
          </reporter-output>
        </test-method> <!-- beforeMethod -->
        <test-method status="PASS" signature="f(java.lang.Integer, java.lang.String)[pri:0, instance:com.my.testngstudy.TngTest1@53f2c2a3]" name="f" duration-ms="1" started-at="2016-09-02T10:38:45Z" data-provider="dp" finished-at="2016-09-02T10:38:45Z">
          <params>
            <param index="0">
              <value>
                <![CDATA[1]]>
              </value>
            </param>
            <param index="1">
              <value>
                <![CDATA[a]]>
              </value>
            </param>
          </params>
          <reporter-output>
          </reporter-output>
        </test-method> <!-- f -->
        <test-method status="PASS" signature="afterMethod()[pri:0, instance:com.my.testngstudy.TngTest1@53f2c2a3]" name="afterMethod" is-config="true" duration-ms="1" started-at="2016-09-02T10:38:45Z" finished-at="2016-09-02T10:38:45Z">
          <reporter-output>
          </reporter-output>
        </test-method> <!-- afterMethod -->
        <test-method status="PASS" signature="beforeMethod()[pri:0, instance:com.my.testngstudy.TngTest1@53f2c2a3]" name="beforeMethod" is-config="true" duration-ms="1" started-at="2016-09-02T10:38:45Z" finished-at="2016-09-02T10:38:45Z">
          <reporter-output>
          </reporter-output>
        </test-method> <!-- beforeMethod -->
        <test-method status="PASS" signature="f(java.lang.Integer, java.lang.String)[pri:0, instance:com.my.testngstudy.TngTest1@53f2c2a3]" name="f" duration-ms="1" started-at="2016-09-02T10:38:45Z" data-provider="dp" finished-at="2016-09-02T10:38:45Z">
          <params>
            <param index="0">
              <value>
                <![CDATA[2]]>
              </value>
            </param>
            <param index="1">
              <value>
                <![CDATA[b]]>
              </value>
            </param>
          </params>
          <reporter-output>
          </reporter-output>
        </test-method> <!-- f -->
        <test-method status="PASS" signature="afterMethod()[pri:0, instance:com.my.testngstudy.TngTest1@53f2c2a3]" name="afterMethod" is-config="true" duration-ms="0" started-at="2016-09-02T10:38:45Z" finished-at="2016-09-02T10:38:45Z">
          <reporter-output>
          </reporter-output>
        </test-method> <!-- afterMethod -->
        <test-method status="PASS" signature="beforeMethod()[pri:0, instance:com.my.testngstudy.TngTest1@53f2c2a3]" name="beforeMethod" is-config="true" duration-ms="1" started-at="2016-09-02T10:38:45Z" finished-at="2016-09-02T10:38:45Z">
          <reporter-output>
          </reporter-output>
        </test-method> <!-- beforeMethod -->
        <test-method status="PASS" signature="g()[pri:0, instance:com.my.testngstudy.TngTest1@53f2c2a3]" name="g" duration-ms="1" started-at="2016-09-02T10:38:45Z" finished-at="2016-09-02T10:38:45Z">
          <reporter-output>
          </reporter-output>
        </test-method> <!-- g -->
        <test-method status="PASS" signature="afterMethod()[pri:0, instance:com.my.testngstudy.TngTest1@53f2c2a3]" name="afterMethod" is-config="true" duration-ms="0" started-at="2016-09-02T10:38:45Z" finished-at="2016-09-02T10:38:45Z">
          <reporter-output>
          </reporter-output>
        </test-method> <!-- afterMethod -->
        <test-method status="PASS" signature="afterClass()[pri:0, instance:com.my.testngstudy.TngTest1@53f2c2a3]" name="afterClass" is-config="true" duration-ms="1" started-at="2016-09-02T10:38:45Z" finished-at="2016-09-02T10:38:45Z">
          <reporter-output>
          </reporter-output>
        </test-method> <!-- afterClass -->
        <test-method status="PASS" signature="afterTest()[pri:0, instance:com.my.testngstudy.TngTest1@53f2c2a3]" name="afterTest" is-config="true" duration-ms="0" started-at="2016-09-02T10:38:45Z" finished-at="2016-09-02T10:38:45Z">
          <reporter-output>
          </reporter-output>
        </test-method> <!-- afterTest -->
        <test-method status="PASS" signature="afterSuite()[pri:0, instance:com.my.testngstudy.TngTest1@53f2c2a3]" name="afterSuite" is-config="true" duration-ms="1" started-at="2016-09-02T10:38:45Z" finished-at="2016-09-02T10:38:45Z">
          <reporter-output>
          </reporter-output>
        </test-method> <!-- afterSuite -->
      </class> <!-- com.my.testngstudy.TngTest1 -->
    </test> <!-- b -->
  </suite> <!-- Suite -->
</testng-results>
