<?xml version="1.0" encoding="UTF-8"?>
<!-- Generated by org.testng.reporters.JUnitXMLReporter -->
<testsuite hostname="QD-YANFA-00050" name="c" tests="4" failures="0" timestamp="2 Sep 2016 02:38:45 GMT" time="0.051" errors="0">
  <testcase name="h3" time="0.01" classname="com.my.testngstudy.TngTest3"/>
  <testcase name="g3" time="0.001" classname="com.my.testngstudy.TngTest3"/>
  <testcase name="f2" time="0.0" classname="com.my.testngstudy.TngTest2">
    <skipped/>
  </testcase> <!-- f2 -->
  <testcase name="g2" time="0.001" classname="com.my.testngstudy.TngTest2"/>
</testsuite> <!-- c -->
